<?xml version="1.0" encoding="UTF-8"?>
<!-- Generated by org.testng.reporters.JUnitReportReporter -->
<testsuite hostname="EQPLSTDP10021" name="planIT.tests.JupiterTests" tests="4" failures="0" timestamp="23 May 2021 14:44:46 GMT" time="55.143" errors="0">
  <testcase name="cartvalidation" time="18.437" classname="planIT.tests.JupiterTests"/>
  <testcase name="mandatoryfieldserror" time="20.742" classname="planIT.tests.JupiterTests"/>
  <testcase name="successsubmission" time="12.801" classname="planIT.tests.JupiterTests"/>
  <testcase name="invaliddatavalidation" time="3.163" classname="planIT.tests.JupiterTests"/>
</testsuite> <!-- planIT.tests.JupiterTests -->
