<?xml version="1.0" encoding="UTF-8"?>
<!-- Generated by org.testng.reporters.JUnitReportReporter -->
<testsuite hostname="EQPLSTDP10021" name="planIT.tests.JupiterTests" tests="4" failures="0" timestamp="23 May 2021 07:59:41 GMT" time="35.511" errors="0">
  <testcase name="invaliddatavalidation" time="0.597" classname="planIT.tests.JupiterTests"/>
  <testcase name="cartvalidation" time="8.884" classname="planIT.tests.JupiterTests"/>
  <testcase name="successsubmission" time="8.001" classname="planIT.tests.JupiterTests"/>
  <testcase name="mandatoryfieldserror" time="18.029" classname="planIT.tests.JupiterTests"/>
</testsuite> <!-- planIT.tests.JupiterTests -->
