<?xml version="1.0" encoding="UTF-8"?>
<!-- Generated by org.testng.reporters.JUnitReportReporter -->
<testsuite hostname="EQPLSTDP10021" name="planIT.tests.JupiterTests" tests="4" failures="0" timestamp="23 May 2021 14:46:41 GMT" time="55.793" errors="0">
  <testcase name="cartvalidation" time="18.499" classname="planIT.tests.JupiterTests"/>
  <testcase name="mandatoryfieldserror" time="20.688" classname="planIT.tests.JupiterTests"/>
  <testcase name="successsubmission" time="13.895" classname="planIT.tests.JupiterTests"/>
  <testcase name="invaliddatavalidation" time="2.711" classname="planIT.tests.JupiterTests"/>
</testsuite> <!-- planIT.tests.JupiterTests -->
