<?xml version="1.0" encoding="UTF-8"?>
<!-- Generated by org.testng.reporters.JUnitReportReporter -->
<testsuite hostname="EQPLSTDP10021" name="planIT.tests.JupiterTests" tests="4" failures="0" timestamp="23 May 2021 14:17:39 GMT" time="54.813" errors="0">
  <testcase name="mandatoryfieldserror" time="26.786" classname="planIT.tests.JupiterTests"/>
  <testcase name="successsubmission" time="9.370" classname="planIT.tests.JupiterTests"/>
  <testcase name="cartvalidation" time="17.460" classname="planIT.tests.JupiterTests"/>
  <testcase name="invaliddatavalidation" time="1.197" classname="planIT.tests.JupiterTests"/>
</testsuite> <!-- planIT.tests.JupiterTests -->
