<?xml version="1.0" encoding="UTF-8"?>
<!-- Generated by org.testng.reporters.JUnitReportReporter -->
<testsuite hostname="EQPLSTDP10021" name="planIT.tests.JupiterTests" tests="4" failures="0" timestamp="23 May 2021 15:30:57 GMT" time="67.254" errors="0">
  <testcase name="cartvalidation" time="18.690" classname="planIT.tests.JupiterTests"/>
  <testcase name="mandatoryfieldserror" time="20.698" classname="planIT.tests.JupiterTests"/>
  <testcase name="successsubmission" time="24.753" classname="planIT.tests.JupiterTests"/>
  <testcase name="invaliddatavalidation" time="3.113" classname="planIT.tests.JupiterTests"/>
</testsuite> <!-- planIT.tests.JupiterTests -->
