<?xml version="1.0" encoding="UTF-8"?>
<!-- Generated by org.testng.reporters.JUnitReportReporter -->
<testsuite hostname="EQPLSTDP10021" name="planIT.tests.JupiterTests" tests="4" failures="0" timestamp="23 May 2021 14:53:42 GMT" time="58.921" errors="0">
  <testcase name="cartvalidation" time="18.772" classname="planIT.tests.JupiterTests"/>
  <testcase name="mandatoryfieldserror" time="20.757" classname="planIT.tests.JupiterTests"/>
  <testcase name="successsubmission" time="16.263" classname="planIT.tests.JupiterTests"/>
  <testcase name="invaliddatavalidation" time="3.129" classname="planIT.tests.JupiterTests"/>
</testsuite> <!-- planIT.tests.JupiterTests -->
