<?xml version="1.0" encoding="UTF-8"?>
<!-- Generated by org.testng.reporters.JUnitReportReporter -->
<testsuite hostname="EQPLSTDP10021" name="planIT.tests.JupiterTests" tests="4" failures="0" timestamp="23 May 2021 14:23:07 GMT" time="59.230" errors="0">
  <testcase name="mandatoryfieldserror" time="27.557" classname="planIT.tests.JupiterTests"/>
  <testcase name="successsubmission" time="10.431" classname="planIT.tests.JupiterTests"/>
  <testcase name="cartvalidation" time="18.160" classname="planIT.tests.JupiterTests"/>
  <testcase name="invaliddatavalidation" time="3.082" classname="planIT.tests.JupiterTests"/>
</testsuite> <!-- planIT.tests.JupiterTests -->
