<?xml version="1.0" encoding="UTF-8"?>
<!-- Generated by org.testng.reporters.JUnitReportReporter -->
<testsuite hostname="EQPLSTDP10021" name="planIT.tests.JupiterTests" tests="4" failures="0" timestamp="23 May 2021 14:00:45 GMT" time="61.726" errors="0">
  <testcase name="mandatoryfieldserror" time="25.248" classname="planIT.tests.JupiterTests"/>
  <testcase name="successsubmission" time="18.352" classname="planIT.tests.JupiterTests"/>
  <testcase name="cartvalidation" time="16.979" classname="planIT.tests.JupiterTests"/>
  <testcase name="invaliddatavalidation" time="1.147" classname="planIT.tests.JupiterTests"/>
</testsuite> <!-- planIT.tests.JupiterTests -->
